<?xml version="1.0" encoding="UTF-8"?>
<testsuite name="TaskTest3" tests="3" skipped="0" failures="0" errors="0" timestamp="2022-03-07T01:57:39" hostname="SEEMEMES-PC" time="0.003">
  <properties/>
  <testcase name="testAliveFalseStatement()" classname="TaskTest3" time="0.001"/>
  <testcase name="testAlive()" classname="TaskTest3" time="0.0"/>
  <testcase name="testCondition()" classname="TaskTest3" time="0.001"/>
  <system-out><![CDATA[]]></system-out>
  <system-err><![CDATA[]]></system-err>
</testsuite>
